[    0.000000] Initializing cgroup subsys cpuset
[    0.000000] Initializing cgroup subsys cpu
[    0.000000] Initializing cgroup subsys cpuacct
[    0.000000] Linux version 4.4.0-210-generic (buildd@lgw01-amd64-009) (gcc version 5.4.0 20160609 (Ubuntu 5.4.0-6ubuntu1~16.04.12) ) #242-Ubuntu SMP Fri Apr 16 09:57:56 UTC 2021 (Ubuntu 4.4.0-210.242-generic 4.4.262)
[    0.000000] Command line: BOOT_IMAGE=/boot/vmlinuz-4.4.0-210-generic root=LABEL=cloudimg-rootfs ro console=tty1 console=ttyS0
[    0.000000] KERNEL supported cpus:
[    0.000000]   Intel GenuineIntel
[    0.000000]   AMD AuthenticAMD
[    0.000000]   Centaur CentaurHauls
[    0.000000] [Firmware Bug]: TSC doesn't count with P0 frequency!
[    0.000000] x86/fpu: Legacy x87 FPU detected.
[    0.000000] e820: BIOS-provided physical RAM map:
[    0.000000] BIOS-e820: [mem 0x0000000000000000-0x000000000009fbff] usable
[    0.000000] BIOS-e820: [mem 0x000000000009fc00-0x000000000009ffff] reserved
[    0.000000] BIOS-e820: [mem 0x00000000000f0000-0x00000000000fffff] reserved
[    0.000000] BIOS-e820: [mem 0x0000000000100000-0x000000003ffeffff] usable
[    0.000000] BIOS-e820: [mem 0x000000003fff0000-0x000000003fffffff] ACPI data
[    0.000000] BIOS-e820: [mem 0x00000000fec00000-0x00000000fec00fff] reserved
[    0.000000] BIOS-e820: [mem 0x00000000fee00000-0x00000000fee00fff] reserved
[    0.000000] BIOS-e820: [mem 0x00000000fffc0000-0x00000000ffffffff] reserved
[    0.000000] NX (Execute Disable) protection: active
[    0.000000] SMBIOS 2.5 present.
[    0.000000] Hypervisor detected: KVM
[    0.000000] Kernel/User page tables isolation: disabled
[    0.000000] e820: last_pfn = 0x3fff0 max_arch_pfn = 0x400000000
[    0.000000] MTRR: Disabled
[    0.000000] x86/PAT: MTRRs disabled, skipping PAT initialization too.
[    0.000000] CPU MTRRs all blank - virtualized system.
[    0.000000] x86/PAT: Configuration [0-7]: WB  WT  UC- UC  WB  WT  UC- UC  
[    0.000000] found SMP MP-table at [mem 0x0009fff0-0x0009ffff] mapped at [ffff88000009fff0]
[    0.000000] Scanning 1 areas for low memory corruption
[    0.000000] RAMDISK: [mem 0x362dc000-0x37165fff]
[    0.000000] ACPI: Early table checksum verification disabled
[    0.000000] ACPI: RSDP 0x00000000000E0000 000024 (v02 VBOX  )
[    0.000000] ACPI: XSDT 0x000000003FFF0030 00003C (v01 VBOX   VBOXXSDT 00000001 ASL  00000061)
[    0.000000] ACPI: FACP 0x000000003FFF00F0 0000F4 (v04 VBOX   VBOXFACP 00000001 ASL  00000061)
[    0.000000] ACPI: DSDT 0x000000003FFF0470 002325 (v02 VBOX   VBOXBIOS 00000002 INTL 20100528)
[    0.000000] ACPI: FACS 0x000000003FFF0200 000040
[    0.000000] ACPI: FACS 0x000000003FFF0200 000040
[    0.000000] ACPI: APIC 0x000000003FFF0240 00005C (v02 VBOX   VBOXAPIC 00000001 ASL  00000061)
[    0.000000] ACPI: SSDT 0x000000003FFF02A0 0001CC (v01 VBOX   VBOXCPUT 00000002 INTL 20100528)
[    0.000000] No NUMA configuration found
[    0.000000] Faking a node at [mem 0x0000000000000000-0x000000003ffeffff]
[    0.000000] NODE_DATA(0) allocated [mem 0x3ffeb000-0x3ffeffff]
[    0.000000] kvm-clock: Using msrs 4b564d01 and 4b564d00
[    0.000000] kvm-clock: cpu 0, msr 0:3ffe3001, primary cpu clock
[    0.000000] kvm-clock: using sched offset of 4419783323 cycles
[    0.000000] clocksource: kvm-clock: mask: 0xffffffffffffffff max_cycles: 0x1cd42e4dffb, max_idle_ns: 881590591483 ns
[    0.000000] Zone ranges:
[    0.000000]   DMA      [mem 0x0000000000001000-0x0000000000ffffff]
[    0.000000]   DMA32    [mem 0x0000000001000000-0x000000003ffeffff]
[    0.000000]   Normal   empty
[    0.000000]   Device   empty
[    0.000000] Movable zone start for each node
[    0.000000] Early memory node ranges
[    0.000000]   node   0: [mem 0x0000000000001000-0x000000000009efff]
[    0.000000]   node   0: [mem 0x0000000000100000-0x000000003ffeffff]
[    0.000000] Initmem setup node 0 [mem 0x0000000000001000-0x000000003ffeffff]
[    0.000000] ACPI: PM-Timer IO Port: 0x4008
[    0.000000] IOAPIC[0]: apic_id 2, version 32, address 0xfec00000, GSI 0-23
[    0.000000] ACPI: INT_SRC_OVR (bus 0 bus_irq 0 global_irq 2 dfl dfl)
[    0.000000] ACPI: INT_SRC_OVR (bus 0 bus_irq 9 global_irq 9 low level)
[    0.000000] Using ACPI (MADT) for SMP configuration information
[    0.000000] smpboot: Allowing 2 CPUs, 0 hotplug CPUs
[    0.000000] PM: Registered nosave memory: [mem 0x00000000-0x00000fff]
[    0.000000] PM: Registered nosave memory: [mem 0x0009f000-0x0009ffff]
[    0.000000] PM: Registered nosave memory: [mem 0x000a0000-0x000effff]
[    0.000000] PM: Registered nosave memory: [mem 0x000f0000-0x000fffff]
[    0.000000] e820: [mem 0x40000000-0xfebfffff] available for PCI devices
[    0.000000] Booting paravirtualized kernel on KVM
[    0.000000] clocksource: refined-jiffies: mask: 0xffffffff max_cycles: 0xffffffff, max_idle_ns: 7645519600211568 ns
[    0.000000] setup_percpu: NR_CPUS:512 nr_cpumask_bits:512 nr_cpu_ids:2 nr_node_ids:1
[    0.000000] PERCPU: Embedded 33 pages/cpu @ffff88003fc00000 s95192 r8192 d31784 u1048576
[    0.000000] Built 1 zonelists in Node order, mobility grouping on.  Total pages: 257912
[    0.000000] Policy zone: DMA32
[    0.000000] Kernel command line: BOOT_IMAGE=/boot/vmlinuz-4.4.0-210-generic root=LABEL=cloudimg-rootfs ro console=tty1 console=ttyS0
[    0.000000] PID hash table entries: 4096 (order: 3, 32768 bytes)
[    0.000000] Memory: 997792K/1048120K available (8644K kernel code, 1332K rwdata, 4044K rodata, 1492K init, 1164K bss, 50328K reserved, 0K cma-reserved)
[    0.000000] SLUB: HWalign=64, Order=0-3, MinObjects=0, CPUs=2, Nodes=1
[    0.000000] Hierarchical RCU implementation.
[    0.000000] 	Build-time adjustment of leaf fanout to 64.
[    0.000000] 	RCU restricting CPUs from NR_CPUS=512 to nr_cpu_ids=2.
[    0.000000] RCU: Adjusting geometry for rcu_fanout_leaf=64, nr_cpu_ids=2
[    0.000000] NR_IRQS:33024 nr_irqs:440 16
[    0.000000] Console: colour VGA+ 80x25
[    0.000000] console [tty1] enabled
[    0.000000] console [ttyS0] enabled
[    0.000000] tsc: Detected 3593.102 MHz processor
[    0.792811] Calibrating delay loop (skipped) preset value.. 7186.20 BogoMIPS (lpj=14372408)
[    0.801106] pid_max: default: 32768 minimum: 301
[    0.805256] ACPI: Core revision 20150930
[    0.809977] ACPI: 2 ACPI AML tables successfully acquired and loaded
[    0.816703] Security Framework initialized
[    0.820448] Yama: becoming mindful.
[    0.824446] AppArmor: AppArmor initialized
[    0.829189] Dentry cache hash table entries: 131072 (order: 8, 1048576 bytes)
[    0.847259] Inode-cache hash table entries: 65536 (order: 7, 524288 bytes)
[    0.859060] Mount-cache hash table entries: 2048 (order: 2, 16384 bytes)
[    0.868109] Mountpoint-cache hash table entries: 2048 (order: 2, 16384 bytes)
[    0.878483] Initializing cgroup subsys io
[    0.884447] Initializing cgroup subsys memory
[    0.890082] Initializing cgroup subsys devices
[    0.896066] Initializing cgroup subsys freezer
[    0.902264] Initializing cgroup subsys net_cls
[    0.908154] Initializing cgroup subsys perf_event
[    0.916105] Initializing cgroup subsys net_prio
[    0.922582] Initializing cgroup subsys hugetlb
[    0.929963] Initializing cgroup subsys pids
[    0.935197] mce: CPU supports 0 MCE banks
[    0.940541] Last level iTLB entries: 4KB 1024, 2MB 1024, 4MB 512
[    0.947674] Last level dTLB entries: 4KB 1536, 2MB 1536, 4MB 768, 1GB 0
[    0.957092] Spectre V1 : Mitigation: usercopy/swapgs barriers and __user pointer sanitization
[    0.967573] Spectre V2 : Spectre mitigation: LFENCE not serializing, switching to generic retpoline
[    0.976304] Spectre V2 : Mitigation: Full generic retpoline
[    0.983777] Spectre V2 : Spectre v2 / SpectreRSB mitigation: Filling RSB on context switch
[    1.034556] Freeing SMP alternatives memory: 36K
[    1.154959] ftrace: allocating 32380 entries in 127 pages
[    1.912135] smpboot: APIC(0) Converting physical 0 to logical package 0
[    1.919362] smpboot: Max logical packages: 1
[    1.949582] ..TIMER: vector=0x30 apic1=0 pin1=2 apic2=-1 pin2=-1
[    2.068879] smpboot: CPU0: AMD Ryzen 5 2400G with Radeon Vega Graphics (family: 0x17, model: 0x11, stepping: 0x0)
[    2.086363] Performance Events: Broken PMU hardware detected, using software events only.
[    2.097331] Failed to access perfctr msr (MSR c0010007 is 0)
[    2.217550] KVM setup paravirtual spinlock
[    2.231677] x86: Booting SMP configuration:
[    2.241215] .... node  #0, CPUs:      #1
[    2.249848] kvm-clock: cpu 1, msr 0:3ffe3041, secondary cpu clock
[    2.260935] mce: CPU supports 0 MCE banks
[    2.271419] TSC synchronization [CPU#0 -> CPU#1]:
[    2.278864] Measured 194450 cycles TSC warp between CPUs, turning off TSC clock.
[    2.287872] tsc: Marking TSC unstable due to check_tsc_sync_source failed
[    0.612847] x86: Booted up 1 node, 2 CPUs
[    0.616020] smpboot: Total of 2 processors activated (14372.40 BogoMIPS)
[    0.628364] devtmpfs: initialized
[    0.636853] evm: security.selinux
[    0.640011] evm: security.SMACK64
[    0.644008] evm: security.SMACK64EXEC
[    0.648011] evm: security.SMACK64TRANSMUTE
[    0.652011] evm: security.SMACK64MMAP
[    0.656006] evm: security.ima
[    0.660009] evm: security.capability
[    0.664491] clocksource: jiffies: mask: 0xffffffff max_cycles: 0xffffffff, max_idle_ns: 7645041785100000 ns
[    0.668288] futex hash table entries: 512 (order: 3, 32768 bytes)
[    0.672742] pinctrl core: initialized pinctrl subsystem
[    0.680047] RTC time: 16:34:48, date: 08/10/22
[    0.688505] NET: Registered protocol family 16
[    0.704025] cpuidle: using governor ladder
[    0.720030] cpuidle: using governor menu
[    0.724157] PCCT header not found.
[    0.736238] ACPI: bus type PCI registered
[    0.740019] acpiphp: ACPI Hot Plug PCI Controller Driver version: 0.5
[    0.744797] PCI: Using configuration type 1 for base access
[    0.748007] PCI: Using configuration type 1 for extended access
[    0.776670] ACPI: Added _OSI(Module Device)
[    0.780016] ACPI: Added _OSI(Processor Device)
[    0.784018] ACPI: Added _OSI(3.0 _SCP Extensions)
[    0.788014] ACPI: Added _OSI(Processor Aggregator Device)
[    0.793834] ACPI: Executed 1 blocks of module-level executable AML code
[    0.812143] ACPI: Interpreter enabled
[    0.816066] ACPI: (supports S0 S5)
[    0.820039] ACPI: Using IOAPIC for interrupt routing
[    0.824481] PCI: Using host bridge windows from ACPI; if necessary, use "pci=nocrs" and report a bug
[    0.842366] ACPI: PCI Root Bridge [PCI0] (domain 0000 [bus 00-ff])
[    0.844028] acpi PNP0A03:00: _OSC: OS supports [ExtendedConfig ASPM ClockPM Segments MSI]
[    0.849888] acpi PNP0A03:00: _OSC: platform does not support [PCIeCapability]
[    0.856030] acpi PNP0A03:00: _OSC: not requesting control; platform does not support [PCIeCapability]
[    0.860025] acpi PNP0A03:00: _OSC: OS requested [PCIeHotplug PME AER PCIeCapability]
[    0.864012] acpi PNP0A03:00: _OSC: platform willing to grant [PCIeHotplug PME AER]
[    0.868010] acpi PNP0A03:00: _OSC failed (AE_SUPPORT); disabling ASPM
[    0.876359] PCI host bridge to bus 0000:00
[    0.880013] pci_bus 0000:00: root bus resource [io  0x0000-0x0cf7 window]
[    0.884025] pci_bus 0000:00: root bus resource [io  0x0d00-0xffff window]
[    0.888011] pci_bus 0000:00: root bus resource [mem 0x000a0000-0x000bffff window]
[    0.892039] pci_bus 0000:00: root bus resource [mem 0x40000000-0xfdffffff window]
[    0.896015] pci_bus 0000:00: root bus resource [bus 00-ff]
[    0.910736] pci 0000:00:01.1: legacy IDE quirk: reg 0x10: [io  0x01f0-0x01f7]
[    0.912037] pci 0000:00:01.1: legacy IDE quirk: reg 0x14: [io  0x03f6]
[    0.916010] pci 0000:00:01.1: legacy IDE quirk: reg 0x18: [io  0x0170-0x0177]
[    0.920013] pci 0000:00:01.1: legacy IDE quirk: reg 0x1c: [io  0x0376]
[    0.946771] pci 0000:00:07.0: quirk: [io  0x4000-0x403f] claimed by PIIX4 ACPI
[    0.948068] pci 0000:00:07.0: quirk: [io  0x4100-0x410f] claimed by PIIX4 SMB
[    0.968492] ACPI: PCI Interrupt Link [LNKA] (IRQs 5 9 10 *11)
[    0.977518] ACPI: PCI Interrupt Link [LNKB] (IRQs 5 9 *10 11)
[    0.986411] ACPI: PCI Interrupt Link [LNKC] (IRQs 5 *9 10 11)
[    0.994178] ACPI: PCI Interrupt Link [LNKD] (IRQs 5 9 10 *11)
[    0.999725] ACPI: Enabled 2 GPEs in block 00 to 07
[    1.000269] vgaarb: setting as boot device: PCI:0000:00:02.0
[    1.004000] vgaarb: device added: PCI:0000:00:02.0,decodes=io+mem,owns=io+mem,locks=none
[    1.004010] vgaarb: loaded
[    1.008003] vgaarb: bridge control possible 0000:00:02.0
[    1.016640] SCSI subsystem initialized
[    1.020288] ACPI: bus type USB registered
[    1.024103] usbcore: registered new interface driver usbfs
[    1.028211] usbcore: registered new interface driver hub
[    1.032033] usbcore: registered new device driver usb
[    1.040219] PCI: Using ACPI for IRQ routing
[    1.045405] NetLabel: Initializing
[    1.048007] NetLabel:  domain hash size = 128
[    1.052007] NetLabel:  protocols = UNLABELED CIPSOv4
[    1.056076] NetLabel:  unlabeled traffic allowed by default
[    1.064274] amd_nb: Cannot enumerate AMD northbridges
[    1.068334] clocksource: Switched to clocksource kvm-clock
[    1.077761] AppArmor: AppArmor Filesystem Enabled
[    1.077761] pnp: PnP ACPI init
[    1.077761] pnp: PnP ACPI: found 3 devices
[    1.177189] clocksource: acpi_pm: mask: 0xffffff max_cycles: 0xffffff, max_idle_ns: 2085701024 ns
[    1.180191] NET: Registered protocol family 2
[    1.190445] TCP established hash table entries: 8192 (order: 4, 65536 bytes)
[    1.197560] TCP bind hash table entries: 8192 (order: 5, 131072 bytes)
[    1.201205] TCP: Hash tables configured (established 8192 bind 8192)
[    1.201205] UDP hash table entries: 512 (order: 2, 16384 bytes)
[    1.201205] UDP-Lite hash table entries: 512 (order: 2, 16384 bytes)
[    1.201205] NET: Registered protocol family 1
[    1.201205] pci 0000:00:00.0: Limiting direct PCI/PCI transfers
[    1.201205] pci 0000:00:01.0: Activating ISA DMA hang workarounds
[    1.201205] Unpacking initramfs...
[    1.719872] Freeing initrd memory: 14888K
[    1.725322] clocksource: tsc: mask: 0xffffffffffffffff max_cycles: 0x33cadeb68c0, max_idle_ns: 440795269017 ns
[    1.734272] platform rtc_cmos: registered platform RTC device (no PNP device found)
[    1.742032] Scanning for low memory corruption every 60 seconds
[    1.750443] audit: initializing netlink subsys (disabled)
[    1.755539] audit: type=2000 audit(1660149294.580:1): initialized
[    1.765536] Initialise system trusted keyring
[    1.774546] HugeTLB registered 2 MB page size, pre-allocated 0 pages
[    1.784668] zbud: loaded
[    1.788780] VFS: Disk quotas dquot_6.6.0
[    1.794998] VFS: Dquot-cache hash table entries: 512 (order 0, 4096 bytes)
[    1.804820] squashfs: version 4.0 (2009/01/31) Phillip Lougher
[    1.815588] fuse init (API version 7.23)
[    1.821883] Key type big_key registered
[    1.825540] Allocating IMA MOK and blacklist keyrings.
[    1.855776] Key type asymmetric registered
[    1.861649] Asymmetric key parser 'x509' registered
[    1.867655] Block layer SCSI generic (bsg) driver version 0.4 loaded (major 249)
[    1.878262] io scheduler noop registered
[    1.883211] io scheduler deadline registered (default)
[    1.888658] io scheduler cfq registered
[    1.894499] pci_hotplug: PCI Hot Plug PCI Core version: 0.5
[    1.900295] pciehp: PCI Express Hot Plug Controller Driver version: 0.4
[    1.908528] ACPI: AC Adapter [AC] (on-line)
[    1.914624] input: Power Button as /devices/LNXSYSTM:00/LNXPWRBN:00/input/input0
[    1.925759] ACPI: Power Button [PWRF]
[    1.931136] input: Sleep Button as /devices/LNXSYSTM:00/LNXSLPBN:00/input/input1
[    1.942718] ACPI: Sleep Button [SLPF]
[    1.949426] GHES: HEST is not enabled!
[    1.958167] Serial: 8250/16550 driver, 32 ports, IRQ sharing enabled
[    2.003213] 00:02: ttyS0 at I/O 0x3f8 (irq = 4, base_baud = 115200) is a 16550A
[    2.046896] Linux agpgart interface v0.103
[    2.071295] loop: module loaded
[    2.080653] scsi host0: ata_piix
[    2.085060] scsi host1: ata_piix
[    2.088441] ata1: PATA max UDMA/33 cmd 0x1f0 ctl 0x3f6 bmdma 0xd000 irq 14
[    2.092381] ata2: PATA max UDMA/33 cmd 0x170 ctl 0x376 bmdma 0xd008 irq 15
[    2.104733] libphy: Fixed MDIO Bus: probed
[    2.110845] tun: Universal TUN/TAP device driver, 1.6
[    2.116345] tun: (C) 1999-2004 Max Krasnyansky <maxk@qualcomm.com>
[    2.122694] PPP generic driver version 2.4.2
[    2.130193] ehci_hcd: USB 2.0 'Enhanced' Host Controller (EHCI) Driver
[    2.139225] ehci-pci: EHCI PCI platform driver
[    2.146663] ehci-platform: EHCI generic platform driver
[    2.152867] ohci_hcd: USB 1.1 'Open' Host Controller (OHCI) Driver
[    2.160591] ohci-pci: OHCI PCI platform driver
[    2.168417] ohci-platform: OHCI generic platform driver
[    2.175791] uhci_hcd: USB Universal Host Controller Interface driver
[    2.184240] i8042: PNP: PS/2 Controller [PNP0303:PS2K,PNP0f03:PS2M] at 0x60,0x64 irq 1,12
[    2.197609] serio: i8042 KBD port at 0x60,0x64 irq 1
[    2.199492] serio: i8042 AUX port at 0x60,0x64 irq 12
[    2.211086] mousedev: PS/2 mouse device common for all mice
[    2.222022] input: AT Translated Set 2 keyboard as /devices/platform/i8042/serio0/input/input2
[    2.228193] rtc_cmos rtc_cmos: rtc core: registered rtc_cmos as rtc0
[    2.228857] rtc_cmos rtc_cmos: alarms up to one day, 114 bytes nvram
[    2.228876] i2c /dev entries driver
[    2.229099] device-mapper: uevent: version 1.0.3
[    2.229236] device-mapper: ioctl: 4.34.0-ioctl (2015-10-28) initialised: dm-devel@redhat.com
[    2.229257] ledtrig-cpu: registered to indicate activity on CPUs
[    2.240935] NET: Registered protocol family 10
[    2.244928] NET: Registered protocol family 17
[    2.244942] Key type dns_resolver registered
[    2.245625] registered taskstats version 1
[    2.245638] Loading compiled-in X.509 certificates
[    2.246210] Loaded X.509 cert 'Build time autogenerated kernel key: cf00e047681d67edb2720680708b7d9498083038'
[    2.246230] zswap: loaded using pool lzo/zbud
[    2.318012] Key type trusted registered
[    2.331438] Key type encrypted registered
[    2.339941] AppArmor: AppArmor sha1 policy hashing enabled
[    2.348158] ima: No TPM chip found, activating TPM-bypass!
[    2.355965] ima: Allocated hash algorithm: sha1
[    2.363033] evm: HMAC attrs: 0x1
[    2.368961]   Magic number: 2:490:590
[    2.374080] rtc_cmos rtc_cmos: setting system clock to 2022-08-10 16:34:50 UTC (1660149290)
[    2.383287] BIOS EDD facility v0.16 2004-Jun-25, 0 devices found
[    2.388754] EDD information not available.
[    2.395663] Freeing unused kernel memory: 1492K
[    2.408130] Write protecting the kernel read-only data: 14336k
[    2.416532] Freeing unused kernel memory: 1584K
[    2.421984] Freeing unused kernel memory: 52K
Loading, please wait...
starting version 229
[    2.496878] random: systemd-udevd: uninitialized urandom read (16 bytes read, 5 bits of entropy available)
[    2.498657] random: udevadm: uninitialized urandom read (16 bytes read, 5 bits of entropy available)
[    2.498695] random: udevadm: uninitialized urandom read (16 bytes read, 5 bits of entropy available)
[    2.536367] random: udevadm: uninitialized urandom read (16 bytes read, 5 bits of entropy available)
[    2.536463] random: udevadm: uninitialized urandom read (16 bytes read, 5 bits of entropy available)
[    2.537377] random: udevadm: uninitialized urandom read (16 bytes read, 5 bits of entropy available)
[    2.537666] random: udevadm: uninitialized urandom read (16 bytes read, 5 bits of entropy available)
[    2.537735] random: udevadm: uninitialized urandom read (16 bytes read, 5 bits of entropy available)
[    2.537798] random: udevadm: uninitialized urandom read (16 bytes read, 5 bits of entropy available)
[    2.537950] random: udevadm: uninitialized urandom read (16 bytes read, 5 bits of entropy available)
[    2.721919] Fusion MPT base driver 3.04.20
[    2.729222] Copyright (c) 1999-2008 LSI Corporation
[    2.737798] e1000: Intel(R) PRO/1000 Network Driver - version 7.3.21-k8-NAPI
[    2.740176] e1000: Copyright (c) 1999-2006 Intel Corporation.
[    2.779983] Fusion MPT SPI Host driver 3.04.20
[    3.107329] input: ImExPS/2 Generic Explorer Mouse as /devices/platform/i8042/serio1/input/input4
[    3.562246] e1000 0000:00:03.0 eth0: (PCI:33MHz:32-bit) 02:be:82:6b:cc:1d
[    3.569966] e1000 0000:00:03.0 eth0: Intel(R) PRO/1000 Network Connection
[    4.271500] e1000 0000:00:08.0 eth1: (PCI:33MHz:32-bit) 08:00:27:2b:8b:62
[    4.279218] e1000 0000:00:08.0 eth1: Intel(R) PRO/1000 Network Connection
[    4.289361] e1000 0000:00:08.0 enp0s8: renamed from eth1
[    4.296617] mptbase: ioc0: Initiating bringup
[    4.306534] e1000 0000:00:03.0 enp0s3: renamed from eth0
[    4.370665] ioc0: LSI53C1030 A0: Capabilities={Initiator}
[    4.569833] scsi host2: ioc0: LSI53C1030 A0, FwRev=00000000h, Ports=1, MaxQ=256, IRQ=20
[    4.698311] scsi 2:0:0:0: Direct-Access     VBOX     HARDDISK         1.0  PQ: 0 ANSI: 5
[    4.710396] scsi target2:0:0: Beginning Domain Validation
[    4.735405] scsi target2:0:0: Domain Validation skipping write tests
[    4.745085] scsi target2:0:0: Ending Domain Validation
[    4.756113] scsi target2:0:0: asynchronous
[    4.770463] scsi 2:0:1:0: Direct-Access     VBOX     HARDDISK         1.0  PQ: 0 ANSI: 5
[    4.791929] scsi target2:0:1: Beginning Domain Validation
[    4.808771] scsi target2:0:1: Domain Validation skipping write tests
[    4.816972] scsi target2:0:1: Ending Domain Validation
[    4.823673] scsi target2:0:1: asynchronous
[    4.870496] sd 2:0:0:0: Attached scsi generic sg0 type 0
[    4.879601] sd 2:0:0:0: [sda] 83886080 512-byte logical blocks: (42.9 GB/40.0 GiB)
[    4.880607] sd 2:0:1:0: [sdb] 20480 512-byte logical blocks: (10.5 MB/10.0 MiB)
[    4.881597] sd 2:0:1:0: [sdb] Write Protect is off
[    4.882077] sd 2:0:1:0: [sdb] Incomplete mode parameter data
[    4.882078] sd 2:0:1:0: [sdb] Assuming drive cache: write through
[    4.886782] sd 2:0:1:0: Attached scsi generic sg1 type 0
[    4.912460] sd 2:0:1:0: [sdb] Attached SCSI disk
[    4.935116] sd 2:0:0:0: [sda] Write Protect is off
[    4.942652] sd 2:0:0:0: [sda] Incomplete mode parameter data
[    4.949579] sd 2:0:0:0: [sda] Assuming drive cache: write through
[    4.965921]  sda: sda1
[    4.973497] sd 2:0:0:0: [sda] Attached SCSI disk
Begin: Loading essential drivers ... [    6.845393] md: linear personality registered for level -1
[    6.860196] md: multipath personality registered for level -4
[    6.871654] md: raid0 personality registered for level 0
[    6.893207] md: raid1 personality registered for level 1
[    6.972219] raid6: sse2x1   gen()  6914 MB/s
[    7.044829] raid6: sse2x1   xor()  5939 MB/s
[    7.116227] raid6: sse2x2   gen() 10839 MB/s
[    7.188121] raid6: sse2x2   xor()  6177 MB/s
[    7.260501] raid6: sse2x4   gen() 13441 MB/s
[    7.332098] raid6: sse2x4   xor()  5544 MB/s
[    7.335992] raid6: using algorithm sse2x4 gen() 13441 MB/s
[    7.340837] raid6: .... xor() 5544 MB/s, rmw enabled
[    7.346379] raid6: using ssse3x2 recovery algorithm
[    7.355278] xor: measuring software checksum speed
[   11.816768]    prefetch64-sse: -1718483.-296 MB/sec
[   11.934609]    generic_sse: 31655.000 MB/sec
[   11.939017] xor: using function: generic_sse (31655.000 MB/sec)
[   11.950060] async_tx: api initialized (async)
[   12.002499] md: raid6 personality registered for level 6
[   12.008886] md: raid5 personality registered for level 5
[   12.015209] md: raid4 personality registered for level 4
[   12.042115] md: raid10 personality registered for level 10
done.
Begin: Running /scripts/init-premount ... done.
Begin: Mounting root file system ... Begin: Running /scripts/local-top ... done.
Begin: Running /scripts/local-premount ... [   12.135113] Btrfs loaded
Scanning for Btrfs filesystems
done.
Warning: fsck not present, so skipping root file system
[   12.220971] EXT4-fs (sda1): mounted filesystem with ordered data mode. Opts: (null)
done.
Begin: Running /scripts/local-bottom ... done.
Begin: Running /scripts/init-bottom ... done.
[   12.582142] systemd[1]: systemd 229 running in system mode. (+PAM +AUDIT +SELINUX +IMA +APPARMOR +SMACK +SYSVINIT +UTMP +LIBCRYPTSETUP +GCRYPT +GNUTLS +ACL +XZ -LZ4 +SECCOMP +BLKID +ELFUTILS +KMOD -IDN)
[   12.601414] systemd[1]: Detected virtualization oracle.
[   12.607239] systemd[1]: Detected architecture x86-64.

Welcome to [1mUbuntu 16.04.7 LTS[0m!

[   12.627973] systemd[1]: Set hostname to <ubuntu>.
[   12.642587] systemd[1]: Initializing machine ID from random generator.
[   12.649447] systemd[1]: Installed transient /etc/machine-id file.
[   12.990118] systemd[1]: Listening on Syslog Socket.
[[0;32m  OK  [0m] Listening on Syslog Socket.
[   13.004738] systemd[1]: Listening on LVM2 poll daemon socket.
[[0;32m  OK  [0m] Listening on LVM2 poll daemon socket.
[   13.023064] systemd[1]: Reached target User and Group Name Lookups.
[[0;32m  OK  [0m] Reached target User and Group Name Lookups.
[   13.042503] systemd[1]: Listening on udev Kernel Socket.
[[0;32m  OK  [0m] Listening on udev Kernel Socket.
[   13.057683] systemd[1]: Listening on /dev/initctl Compatibility Named Pipe.
[[0;32m  OK  [0m] Listening on /dev/initctl Compatibility Named Pipe.
[   13.074328] systemd[1]: Reached target Encrypted Volumes.
[[0;32m  OK  [0m] Reached target Encrypted Volumes.
[   13.090583] systemd[1]: Listening on udev Control Socket.
[[0;32m  OK  [0m] Listening on udev Control Socket.
[   13.106075] systemd[1]: Set up automount Arbitrary Executable File Formats File System Automount Point.
[[0;32m  OK  [0m] Set up automount Arbitrary Executab...ats File System Automount Point.
[   13.123008] systemd[1]: Created slice System Slice.
[[0;32m  OK  [0m] Created slice System Slice.
[   13.135742] systemd[1]: Created slice system-serial\x2dgetty.slice.
[[0;32m  OK  [0m] Created slice system-serial\x2dgetty.slice.
[   13.151421] systemd[1]: Started Forward Password Requests to Wall Directory Watch.
[[0;32m  OK  [0m] Started Forward Password Requests to Wall Directory Watch.
[   13.170459] systemd[1]: Listening on Journal Socket (/dev/log).
[[0;32m  OK  [0m] Listening on Journal Socket (/dev/log).
[   13.196228] systemd[1]: Listening on fsck to fsckd communication Socket.
[[0;32m  OK  [0m] Listening on fsck to fsckd communication Socket.
[   13.221226] systemd[1]: Listening on Journal Audit Socket.
[[0;32m  OK  [0m] Listening on Journal Audit Socket.
[   13.252852] systemd[1]: Started Trigger resolvconf update for networkd DNS.
[[0;32m  OK  [0m] Started Trigger resolvconf update for networkd DNS.
[   13.286553] systemd[1]: Listening on LVM2 metadata daemon socket.
[[0;32m  OK  [0m] Listening on LVM2 metadata daemon socket.
[   13.312913] systemd[1]: Listening on Journal Socket.
[[0;32m  OK  [0m] Listening on Journal Socket.
[   13.353950] systemd[1]: Starting Journal Service...
         Starting Journal Service...
[   13.371236] systemd[1]: Starting Create list of required static device nodes for the current kernel...
         Starting Create list of required st... nodes for the current kernel...
[   13.396279] systemd[1]: Mounting Debug File System...
         Mounting Debug File System...
[   13.482232] systemd[1]: Starting Load Kernel Modules...
         Starting Load Kernel Modules...
[   13.506465] systemd[1]: Starting Nameserver information manager...
         Starting Nameserver information manager...
[   13.542353] Loading iSCSI transport class v2.0-870.
[   13.557219] systemd[1]: Mounting Huge Pages File System...
         Mounting Huge Pages File System...
[   13.571943] systemd[1]: Mounting POSIX Message Queue File System...
[   13.582518] iscsi: registered transport (tcp)
         Mounting POSIX Message Queue File System...
[   13.590682] systemd[1]: Reached target Swap.
[[0;32m  OK  [0m] Reached target Swap.
[   13.609662] systemd[1]: Reached target System Time Synchronized.
[[0;32m  OK  [0m] Reached target System Time Synchronized.
[   13.654138] systemd[1]: Starting Uncomplicated firewall...
         Starting Uncomplicated firewall...
[   13.670503] systemd[1]: Starting Set console keymap...
         Starting Set console keymap...
[   13.689313] systemd[1]: Created slice User and Session Slice.
[[0;32m  OK  [0m] Created slice User and Session Slice.
[   13.709904] systemd[1]: Reached target Slices.
[[0;32m  OK  [0m] Reached target Slices.
[   13.750125] systemd[1]: Starting File System Check on Root Device...
         Starting File System Check on Root Device...
[   13.784234] systemd[1]: Listening on Device-mapper event daemon FIFOs.
[   13.801303] random: nonblocking pool is initialized
[[0;32m  OK  [0m] Listening on Device-mapper event daemon FIFOs.
[   13.842983] iscsi: registered transport (iser)
[   13.872582] systemd[1]: Starting Monitoring of LVM2 mirrors, snapshots etc. using dmeventd or progress polling...
         Starting Monitoring of LVM2 mirrors... dmeventd or progress polling...
[   13.924930] systemd[1]: Mounted Huge Pages File System.
[[0;32m  OK  [0m] Mounted Huge Pages File System.
[   13.943053] systemd[1]: Mounted POSIX Message Queue File System.
[[0;32m  OK  [0m] Mounted POSIX Message Queue File System.
[   13.975064] systemd[1]: Mounted Debug File System.
[[0;32m  OK  [0m] Mounted Debug File System.
[   14.013428] systemd[1]: Started Journal Service.
[[0;32m  OK  [0m] Started Journal Service.
[[0;32m  OK  [0m] Started Create list of required sta...ce nodes for the current kernel.
[[0;32m  OK  [0m] Started Load Kernel Modules.
[[0;32m  OK  [0m] Started Uncomplicated firewall.
[[0;32m  OK  [0m] Started Set console keymap.
[[0;32m  OK  [0m] Started File System Check on Root Device.
[[0;32m  OK  [0m] Started Nameserver information manager.
[[0;32m  OK  [0m] Started LVM2 metadata daemon.
[[0;32m  OK  [0m] Started File System Check Daemon to report status.
         Starting Remount Root and Kernel File Systems...
         Mounting FUSE Control File System...
         Starting Apply Kernel Variables...
         Starting Create Static Device Nodes in /dev...
[[0;32m  OK  [0m[   14.214713] EXT4-fs (sda1): re-mounted. Opts: (null)
] Mounted FUSE Control File System.
[[0;32m  OK  [0m] Started Remount Root and Kernel File Systems.
         Starting Load/Save Random Seed...
         Starting Flush Journal to Persistent Storage...
         Starting udev Coldplug all Devices...
[[0;32m  OK  [0m] Started Apply Kernel Variables.
[[0;32m  OK  [0m] Started Create Static Device Nodes in /dev.
[[0;32m  OK  [0m] Started Load/Save Random Seed.
         Starting udev Kernel Device Manager...
[[0;32m  OK  [0m] Started Flush Journal to Persistent Storage.
[[0;32m  OK  [0m] Started udev Coldplug all Devices.
[[0;32m  OK  [0m] Started udev Kernel Device Manager.
[[0;32m  OK  [0m] Started Monitoring of LVM2 mirrors,...ng dmeventd or progress polling.
[[0;32m  OK  [0m] Reached target Local File Systems (Pre).
[[0;32m  OK  [0m] Reached target Local File Systems.
         Starting LSB: AppArmor initialization...
         Starting Set console font and keymap...
         Starting Commit a transient machine-id on disk...
         Starting Initial cloud-init job (pre-networking)...
         Starting Tell Plymouth To Write Out Runtime Data...
         Starting Create Volatile Files and Directories...
[[0;32m  OK  [0m] Started Dispatch Password Requests to Console Directory Watch.
[[0;32m  OK  [0m] Started Commit a transient machine-id on disk.
[[0;32m  OK  [0m] Started Tell Plymouth To Write Out Runtime Data.
[[0;32m  OK  [0m] Started Create Volatile Files and Directories.
         Starting Update UTMP about System Boot/Shutdown...
[[0;32m  OK  [0m] Started Update UTMP about System Boot/Shutdown.
[[0;32m  OK  [0m] Found device /dev/ttyS0.
[[0;32m  OK  [0m] Listening on Load/Save RF Kill Switch Status /dev/rfkill Watch.
[[0;32m  OK  [0m] Started LSB: AppArmor initialization.
         Starting Load AppArmor profiles managed internally by snapd...
[[0;32m  OK  [0m] Started Load AppArmor profiles managed internally by snapd.
[   17.612609] cloud-init[490]: Cloud-init v. 21.1-19-gbad84ad4-0ubuntu1~16.04.2 running 'init-local' at Wed, 10 Aug 2022 16:35:05 +0000. Up 17.10 seconds.
[[0;32m  OK  [0m] Started Initial cloud-init job (pre-networking).
[[0;32m  OK  [0m] Reached target Network (Pre).
         Starting Raise network interfaces...
[[0;32m  OK  [0m] Started Set console font and keymap.
[[0;32m  OK  [0m] Created slice system-getty.slice.
[[0;32m  OK  [0m] Started Raise network interfaces.
         Starting Initial cloud-init job (metadata service crawler)...
[[0;32m  OK  [0m] Reached target Network.
[   19.679849] cloud-init[948]: Cloud-init v. 21.1-19-gbad84ad4-0ubuntu1~16.04.2 running 'init' at Wed, 10 Aug 2022 16:35:06 +0000. Up 18.79 seconds.
[   19.694050] cloud-init[948]: ci-info: ++++++++++++++++++++++++++++++++++++++Net device info+++++++++++++++++++++++++++++++++++++++
[   19.704128] cloud-init[948]: ci-info: +--------+-------+----------------------------+---------------+--------+-------------------+
[   19.714115] cloud-init[948]: ci-info: | Device |   Up  |          Address           |      Mask     | Scope  |     Hw-Address    |
[   19.722373] cloud-init[948]: ci-info: +--------+-------+----------------------------+---------------+--------+-------------------+
[   19.729960] cloud-init[948]: ci-info: | enp0s3 |  True |         10.0.2.15          | 255.255.255.0 | global | 02:be:82:6b:cc:1d |
[   19.737126] cloud-init[948]: ci-info: | enp0s3 |  True | fe80::be:82ff:fe6b:cc1d/64 |       .       |  link  | 02:be:82:6b:cc:1d |
[   19.743671] cloud-init[948]: ci-info: | enp0s8 | False |             .              |       .       |   .    | 08:00:27:2b:8b:62 |
[   19.751075] cloud-init[948]: ci-info: |   lo   |  True |         127.0.0.1          |   255.0.0.0   |  host  |         .         |
[   19.761227] cloud-init[948]: ci-info: |   lo   |  True |          ::1/128           |       .       |  host  |         .         |
[   19.766832] cloud-init[948]: ci-info: +--------+-------+----------------------------+---------------+--------+-------------------+
[   19.773163] cloud-init[948]: ci-info: +++++++++++++++++++++++++++Route IPv4 info++++++++++++++++++++++++++++
[   19.778660] cloud-init[948]: ci-info: +-------+-------------+----------+---------------+-----------+-------+
[   19.784547] cloud-init[948]: ci-info: | Route | Destination | Gateway  |    Genmask    | Interface | Flags |
[   19.790740] cloud-init[948]: ci-info: +-------+-------------+----------+---------------+-----------+-------+
[   19.797497] cloud-init[948]: ci-info: |   0   |   0.0.0.0   | 10.0.2.2 |    0.0.0.0    |   enp0s3  |   UG  |
[   19.805685] cloud-init[948]: ci-info: |   1   |   10.0.2.0  | 0.0.0.0  | 255.255.255.0 |   enp0s3  |   U   |
[   19.812674] cloud-init[948]: ci-info: +-------+-------------+----------+---------------+-----------+-------+
[   19.819740] cloud-init[948]: ci-info: +++++++++++++++++++Route IPv6 info+++++++++++++++++++
[   19.827993] cloud-init[948]: ci-info: +-------+-------------+---------+-----------+-------+
[   19.835766] cloud-init[948]: ci-info: | Route | Destination | Gateway | Interface | Flags |
[   19.843799] cloud-init[948]: ci-info: +-------+-------------+---------+-----------+-------+
[   19.851668] cloud-init[948]: ci-info: |   0   |  fe80::/64  |    ::   |   enp0s3  |   U   |
[   19.858952] cloud-init[948]: ci-info: |   3   |   ff00::/8  |    ::   |   enp0s3  |   U   |
[   19.865583] cloud-init[948]: ci-info: +-------+-------------+---------+-----------+-------+
[   19.873530] cloud-init[948]: Generating public/private rsa key pair.
[   19.879280] cloud-init[948]: Your identification has been saved in /etc/ssh/ssh_host_rsa_key.
[   19.886690] cloud-init[948]: Your public key has been saved in /etc/ssh/ssh_host_rsa_key.pub.
[   19.893520] cloud-init[948]: The key fingerprint is:
[   19.897985] cloud-init[948]: SHA256:xbS9Or/YmTSgmoCcA1kcrT/G1okaGbMsXIrYXMjOrlg root@ubuntu-xenial
[   19.905247] cloud-init[948]: The key's randomart image is:
[   19.910468] cloud-init[948]: +---[RSA 2048]----+
[   19.915859] cloud-init[948]: |  ..      .      |
[   19.922131] cloud-init[948]: | . ..    o o     |
[[   19.927068] cloud-init[948]: | .oo      + .    |
[   19.929606] cloud-init[948]: | o*..    .   .   |
[   19.930077] cloud-init[948]: |**oO o .S . .    |
[   19.930579] cloud-init[948]: |+=XoB o  . o     |
[   19.931132] cloud-init[948]: | oE=..  . o o    |
[   19.931595] cloud-init[948]: |..o. . o   * +   |
[   19.932288] cloud-init[948]: |o.    o   . *.   |
[   19.932603] cloud-init[948]: +----[SHA256]-----+
[   19.933105] cloud-init[948]: Generating public/private dsa key pair.
[   19.933662] cloud-init[948]: Your identification has been saved in /etc/ssh/ssh_host_dsa_key.
[   19.934367] cloud-init[948]: Your public key has been saved in /etc/ssh/ssh_host_dsa_key.pub.
[   19.934535] cloud-init[948]: The key fingerprint is:
[   19.935385] cloud-init[948]: SHA256:ICAMsniUAto9XncqoEQ069rt4Rk/VPzBhzX9JkZZxO4 root@ubuntu-xenial
[   19.935860] cloud-init[948]: The key's randomart image is:
[   19.937040] cloud-init[948]: +---[DSA 1024]----+
[   19.937388] cloud-init[948]: |O.*.         . =o|
[   19.937772] cloud-init[948]: |=B.=        o + .|
[   19.938187] cloud-init[948]: |+.= = o....o o o |
[   19.938622] cloud-init[948]: | + o = ooo+ . o +|
[   19.938979] cloud-init[948]: |  o . ..S. o . + |
[   19.939404] cloud-init[948]: | o .  ..  .     E|
[   19.939783] cloud-init[948]: |. . +.           |
[   19.940701] cloud-init[948]: |   o =.          |
[   19.941118] cloud-init[948]: |    + ..         |
[   19.941459] cloud-init[948]: +----[SHA256]-----+
[   19.941869] cloud-init[948]: Generating public/private ecdsa key pair.
[   19.942265] cloud-init[948]: Your identification has been saved in /etc/ssh/ssh_host_ecdsa_key.
[   19.942645] cloud-init[948]: Your public key has been saved in /etc/ssh/ssh_host_ecdsa_key.pub.
[   19.943105] cloud-init[948]: The key fingerprint is:
[   19.943575] cloud-init[948]: SHA256:9ioMpaCMOLktl10cBzbBQ0N2H/mHIs7dqrofnCQau+c root@ubuntu-xenial
[   19.944036] cloud-init[948]: The key's randomart image is:
[   19.944894] cloud-init[948]: +---[ECDSA 256]---+
[   19.945246] cloud-init[948]: |     +*.. ..     |
[   19.945728] cloud-init[948]: |     .*o ...     |
[   19.945834] cloud-init[948]: |     . +  .. .   |
[   19.946273] cloud-init[948]: |  .   o o . o .  |
[   19.946659] cloud-init[948]: |+o ..+.=So o .   |
[   19.947162] cloud-init[948]: |*.  o+o=oo. .    |
[   19.947648] cloud-init[948]: | + oo+  + ..     |
[   19.949015] cloud-init[948]: |o + ..+  o.      |
[   19.949466] cloud-init[948]: | o  .oE=+.       |
[   19.950013] cloud-init[948]: +----[SHA256]-----+
[   19.950451] cloud-init[948]: Generating public/private ed25519 key pair.
[   19.951465] cloud-init[948]: Your identification has been saved in /etc/ssh/ssh_host_ed25519_key.
[   19.952413] cloud-init[948]: Your public key has been saved in /etc/ssh/ssh_host_ed25519_key.pub.
[   19.952520] cloud-init[948]: The key fingerprint is:
[   19.953219] cloud-init[948]: SHA256:JHI396JKGqFUwq0EA7tFHpz7fo470JLqEJPYyEm7nXQ root@ubuntu-xenial
[   19.953713] cloud-init[948]: The key's randomart image is:
[   19.954200] cloud-init[948]: +--[ED25519 256]--+
[   19.954700] cloud-init[948]: |=.o.             |
[   19.955190] cloud-init[948]: | Boo             |
[   19.955754] cloud-init[948]: |..*.+ o + .      |
[   19.956822] cloud-init[948]: |+B++ o + o .     |
[   19.957249] cloud-init[948]: |B++=.E  S . .    |
[   19.957782] cloud-init[948]: | +B.=.   . .     |
[   19.958267] cloud-init[948]: |.o.*. . .        |
[   19.958756] cloud-init[948]: |o   o=..         |
[   19.959242] cloud-init[948]: |..  +=o          |
[   19.959738] cloud-init[948]: +----[SHA256]-----+
[0;32m  OK  [0m] Started Initial cloud-init job (metadata service crawler).
[[0;32m  OK  [0m] Reached target Cloud-config availability.
[[0;32m  OK  [0m] Reached target System Initialization.
[[0;32m  OK  [0m] Started Daily Cleanup of Temporary Directories.
         Starting Socket activation for snappy daemon.
[[0;32m  OK  [0m] Started Ubuntu Advantage update messaging.
[[0;32m  OK  [0m] Started ACPI Events Check.
[[0;32m  OK  [0m] Reached target Paths.
[[0;32m  OK  [0m] Listening on UUID daemon activation socket.
[[0;32m  OK  [0m] Listening on D-Bus System Message Bus Socket.
[[0;32m  OK  [0m] Listening on ACPID Listen Socket.
[[0;32m  OK  [0m] Started Daily apt download activities.
[[0;32m  OK  [0m] Started Daily apt upgrade and clean activities.
[[0;32m  OK  [0m] Started Message of the Day.
[[0;32m  OK  [0m] Reached target Timers.
         Starting LXD - unix socket.
[[0;32m  OK  [0m] Reached target Network is Online.
         Starting iSCSI initiator daemon (iscsid)...
[[0;32m  OK  [0m] Listening on Socket activation for snappy daemon.
[[0;32m  OK  [0m] Listening on LXD - unix socket.
[[0;32m  OK  [0m] Reached target Sockets.
[[0;32m  OK  [0m] Reached target Basic System.
[[0;32m  OK  [0m] Started ACPI event daemon.
         Starting Accounts Service...
         Starting Virtualbox guest utils...
[[0;32m  OK  [0m] Started D-Bus System Message Bus.
         Starting /etc/rc.local Compatibility...
[[0;32m  OK  [0m] Started Regular background program processing daemon.
         Starting LSB: MD monitoring daemon...
         Starting LXD - container startup/shutdown...
         Starting System Logging Service...
         Starting Pollinate to seed the pseudo random number generator...
[[0;32m  OK  [0m] Started Deferred execution scheduler.
         Starting Snap Daemon...
[[0;32m  OK  [0m] Started FUSE filesystem for LXC.
         Starting LSB: Record successful boot for GRUB...
         Starting Login Service...
[[0;32m  OK  [0m] Started iSCSI initiator daemon (iscsid).
[[0;32m  OK  [0m] Started /etc/rc.local Compatibility.
[[0;32m  OK  [0m] Started System Logging Service.
         Starting Authenticate and Authorize Users to Run Privileged Tasks...
         Starting Login to default iSCSI targets...
[[0;32m  OK  [0m] Started Login Service.
[[0;32m  OK  [0m] Started Unattended Upgrades Shutdown.
[[0;32m  OK  [0m] Started LSB: MD monitoring daemon.
[[0;32m  OK  [0m] Started LSB: Record successful boot for GRUB.
[[0;32m  OK  [0m] Started Login to default iSCSI targets.
[[0;32m  OK  [0m] Reached target Remote File Systems (Pre).
[[0;32m  OK  [0m] Reached target Remote File Systems.
         Starting LSB: Set the CPU Frequency Scaling governor to "ondemand"...
         Starting LSB: daemon to balance interrupts for SMP systems...
         Starting LSB: automatic crash report generation...
         Starting Permit User Sessions...
[[0;32m  OK  [0m] Started Authenticate and Authorize Users to Run Privileged Tasks.
[[0;32m  OK  [0m] Started Virtualbox guest utils.
[[0;32m  OK  [0m] Started Permit User Sessions.
[[0;32m  OK  [0m] Started Accounts Service.
         Starting Hold until boot process finishes up...
         Starting Terminate Plymouth Boot Screen...
[[0;32m  OK  [0m] Started LSB: Set the CPU Frequency Scaling governor to "ondemand".
[[0;32m  OK  [0m] Started Hold until boot process finishes up.
[[0;32m  OK  [0m] Started Terminate Plymouth Boot Screen.
         Starting Set console scheme...
[[0;32m  OK  [0m] Started Getty on tty1.
[[0;32m  OK  [0m] Started Serial Getty on ttyS0.
[[0;32m  OK  [0m] Reached target Login Prompts.
[[0;32m  OK  [0m] Started LXD - container startup/shutdown.
[[0;32m  OK  [0m] Started LSB: daemon to balance interrupts for SMP systems.
[[0;32m  OK  [0m] Started LSB: automatic crash report generation.
[[0;32m  OK  [0m] Started Set console scheme.
[[0;32m  OK  [0m] Started Snap Daemon.
         Starting Wait until snapd is fully seeded...
[[0;32m  OK  [0m] Started Pollinate to seed the pseudo random number generator.
         Starting OpenBSD Secure Shell server...
[[0;32m  OK  [0m] Started OpenBSD Secure Shell server.
[[0;32m  OK  [0m] Started Wait until snapd is fully seeded.
[[0;32m  OK  [0m] Reached target Multi-User System.
[[0;32m  OK  [0m] Reached target Graphical Interface.
         Starting Update UTMP about System Runlevel Changes...
         Starting Apply the settings specified in cloud-config...
[[0;32m  OK  [0m] Started Update UTMP about System Runlevel Changes.
[   24.244105] cloud-init[1293]: Generating locales (this might take a while)...
[[0;32m  OK  [0m] Created slice User Slice of vagrant.
         Starting User Manager for UID 1000...
[[0;32m  OK  [0m] Started Session 1 of user vagrant.
[[0;32m  OK  [0m] Started User Manager for UID 1000.
[   26.499073] cloud-init[1293]:   en_US.UTF-8... done
[   26.502708] cloud-init[1293]: Generation complete.

Ubuntu 16.04.7 LTS ubuntu-xenial ttyS0

ubuntu-xenial login: [   27.267162] cloud-init[1293]: Cloud-init v. 21.1-19-gbad84ad4-0ubuntu1~16.04.2 running 'modules:config' at Wed, 10 Aug 2022 16:35:12 +0000. Up 24.07 seconds.
ci-info: no authorized SSH keys fingerprints found for user ubuntu.
<14>Aug 10 16:35:16 ec2: 
<14>Aug 10 16:35:16 ec2: #############################################################
<14>Aug 10 16:35:16 ec2: -----BEGIN SSH HOST KEY FINGERPRINTS-----
<14>Aug 10 16:35:16 ec2: 1024 SHA256:ICAMsniUAto9XncqoEQ069rt4Rk/VPzBhzX9JkZZxO4 root@ubuntu-xenial (DSA)
<14>Aug 10 16:35:16 ec2: 256 SHA256:9ioMpaCMOLktl10cBzbBQ0N2H/mHIs7dqrofnCQau+c root@ubuntu-xenial (ECDSA)
<14>Aug 10 16:35:16 ec2: 256 SHA256:JHI396JKGqFUwq0EA7tFHpz7fo470JLqEJPYyEm7nXQ root@ubuntu-xenial (ED25519)
<14>Aug 10 16:35:16 ec2: 2048 SHA256:xbS9Or/YmTSgmoCcA1kcrT/G1okaGbMsXIrYXMjOrlg root@ubuntu-xenial (RSA)
<14>Aug 10 16:35:16 ec2: -----END SSH HOST KEY FINGERPRINTS-----
<14>Aug 10 16:35:16 ec2: #############################################################
-----BEGIN SSH HOST KEY KEYS-----
ecdsa-sha2-nistp256 AAAAE2VjZHNhLXNoYTItbmlzdHAyNTYAAAAIbmlzdHAyNTYAAABBBP1JRJeJvSEOUkV5UpWRmVgxRGVpewHHtuUJSwz2IIU27dNHq57W6k/nZIF0bhp96a344WQjKg7g1cE5X21PNqw= root@ubuntu-xenial
ssh-ed25519 AAAAC3NzaC1lZDI1NTE5AAAAIGoixxr88fwoYi4q3962xe7vkyuVJooLMpbz+D9pn4eg root@ubuntu-xenial
ssh-rsa AAAAB3NzaC1yc2EAAAADAQABAAABAQCY3gYYCExxExbVowiQzTQh6lES3hcEZ7Qwm7ERSE2LTzASJyePwzRmol2T+5p7PLFRICzz41wNkGDOh52FyaAFdIWvestjjqjhepldIFfyljycbSgEVKGPzaTQdsgsGAEe1hn9vC/Wac/RwsdmxBt1EKSHUQFv25nqMR9eHRhh2PILh8b7uwkVNIoaApWOIoSRGdGRKSAxGyHFPb3JRMunhoWOnPBKXXm7JBfESgx4y8MH0OICa+yrEuswVfRcMa/JlCLbAu8eYcMZBLDdmVSsGBM/V8j0IYJcgsSoFQ8ZoSuWaZX24Xq4vRKFjqmlUTC+Z+QTS2oQIp1eKGUOmTU/ root@ubuntu-xenial
-----END SSH HOST KEY KEYS-----
[   28.333707] cloud-init[1455]: Cloud-init v. 21.1-19-gbad84ad4-0ubuntu1~16.04.2 running 'modules:final' at Wed, 10 Aug 2022 16:35:16 +0000. Up 28.01 seconds.
[   28.347299] cloud-init[1455]: ci-info: no authorized SSH keys fingerprints found for user ubuntu.
[   28.355560] cloud-init[1455]: Cloud-init v. 21.1-19-gbad84ad4-0ubuntu1~16.04.2 finished at Wed, 10 Aug 2022 16:35:16 +0000. Datasource DataSourceNoCloud [seed=/dev/sdb][dsmode=net].  Up 28.32 seconds
